0 info it worked if it ends with ok
1 verbose cli [ 'node', '/usr/local/bin/npm', '-g', 'install', 'mvn' ]
2 info using npm@1.4.3
3 info using node@v0.10.26
4 verbose cache add [ 'mvn', null ]
5 verbose cache add name=undefined spec="mvn" args=["mvn",null]
6 verbose parsed url { protocol: null,
6 verbose parsed url   slashes: null,
6 verbose parsed url   auth: null,
6 verbose parsed url   host: null,
6 verbose parsed url   port: null,
6 verbose parsed url   hostname: null,
6 verbose parsed url   hash: null,
6 verbose parsed url   search: null,
6 verbose parsed url   query: null,
6 verbose parsed url   pathname: 'mvn',
6 verbose parsed url   path: 'mvn',
6 verbose parsed url   href: 'mvn' }
7 silly lockFile d35cc34e-mvn mvn
8 verbose lock mvn /Users/rsha/.npm/d35cc34e-mvn.lock
9 silly lockFile d35cc34e-mvn mvn
10 silly lockFile d35cc34e-mvn mvn
11 verbose addNamed [ 'mvn', '' ]
12 verbose addNamed [ null, '*' ]
13 silly lockFile 7c195329-mvn mvn@
14 verbose lock mvn@ /Users/rsha/.npm/7c195329-mvn.lock
15 silly addNameRange { name: 'mvn', range: '*', hasData: false }
16 verbose url raw mvn
17 verbose url resolving [ 'https://registry.npmjs.org/', './mvn' ]
18 verbose url resolved https://registry.npmjs.org/mvn
19 info trying registry request attempt 1 at 21:28:42
20 http GET https://registry.npmjs.org/mvn
21 http 404 https://registry.npmjs.org/mvn
22 silly registry.get cb [ 404,
22 silly registry.get   { date: 'Thu, 22 May 2014 15:57:55 GMT',
22 silly registry.get     server: 'CouchDB/1.5.0 (Erlang OTP/R14B04)',
22 silly registry.get     'content-type': 'application/json',
22 silly registry.get     via: '1.1 varnish',
22 silly registry.get     'cache-control': 'max-age=0',
22 silly registry.get     'content-length': '52',
22 silly registry.get     'accept-ranges': 'bytes',
22 silly registry.get     age: '0',
22 silly registry.get     'x-served-by': 'cache-v41-ASH, cache-fra1221-FRA',
22 silly registry.get     'x-cache': 'MISS, MISS',
22 silly registry.get     'x-cache-hits': '0, 0',
22 silly registry.get     'x-timer': 'S1400774275.849863052,VS0,VS46,VE55,VE99',
22 silly registry.get     'keep-alive': 'timeout=10, max=50',
22 silly registry.get     connection: 'Keep-Alive' } ]
23 silly lockFile 7c195329-mvn mvn@
24 silly lockFile 7c195329-mvn mvn@
25 error 404 'mvn' is not in the npm registry.
25 error 404 You should bug the author to publish it
25 error 404
25 error 404 Note that you can also install from a
25 error 404 tarball, folder, or http url, or git url.
26 error System Darwin 13.1.0
27 error command "node" "/usr/local/bin/npm" "-g" "install" "mvn"
28 error cwd /Users/rsha/Downloads/spring-angularjs-master
29 error node -v v0.10.26
30 error npm -v 1.4.3
31 error code E404
32 verbose exit [ 1, true ]
